<?xml version="1.0" encoding="UTF-8"?>
<!-- Generated by org.testng.reporters.JUnitXMLReporter -->
<testsuite ignored="0" hostname="DESKTOP-73VT5SL" failures="2" tests="6" name="Test" time="74.514" errors="0" timestamp="2023-02-08T17:13:32 IST">
  <testcase classname="tests.Test_Play_Store_and_unit_converter" name="playstore_test" time="45.542"/>
  <testcase classname="tests.Test_Play_Store_and_unit_converter" name="test_uc" time="9.582"/>
  <testcase classname="tests.Test_Play_Store_and_unit_converter" name="value_1_test" time="0.818"/>
  <testcase classname="tests.Test_Play_Store_and_unit_converter" name="value_2_test" time="0.123">
    <failure type="java.lang.AssertionError" message="expected [true] but found [false]">
      <![CDATA[java.lang.AssertionError: expected [true] but found [false]
at tests.Test_Play_Store_and_unit_converter.value_2_test(Test_Play_Store_and_unit_converter.java:67)
at java.base/java.util.ArrayList.forEach(ArrayList.java:1511)
... Removed 29 stack frames]]>
    </failure>
  </testcase> <!-- value_2_test -->
  <testcase classname="tests.Test_Play_Store_and_unit_converter" name="value_3_test" time="0.147">
    <failure type="java.lang.AssertionError" message="expected [true] but found [false]">
      <![CDATA[java.lang.AssertionError: expected [true] but found [false]
at tests.Test_Play_Store_and_unit_converter.value_3_test(Test_Play_Store_and_unit_converter.java:74)
at java.base/java.util.ArrayList.forEach(ArrayList.java:1511)
... Removed 29 stack frames]]>
    </failure>
  </testcase> <!-- value_3_test -->
  <testcase classname="tests.Test_Play_Store_and_unit_converter" name="closing_and_uninstalling" time="3.876"/>
</testsuite> <!-- Test -->
